Build started 18.03.2015 13:46:21.
     1>Project "D:\Programming\Programming 3\lab1\lab1\lab1.vcxproj" on node 2 (Build target(s)).
     1>ClCompile:
         C:\Program Files (x86)\Microsoft Visual Studio 12.0\VC\bin\CL.exe /c /ZI /nologo /W3 /WX- /sdl /Od /Oy- /D WIN32 /D _DEBUG /D _WINDOWS /D _UNICODE /D UNICODE /Gm /EHsc /RTC1 /MDd /GS /fp:precise /Zc:wchar_t /Zc:forScope /Yu"stdafx.h" /Fp"Debug\lab1.pch" /Fo"Debug\\" /Fd"Debug\vc120.pdb" /Gd /TP /analyze- /errorReport:prompt lab1.cpp
         lab1.cpp
     1>d:\programming\programming 3\lab1\lab1\lab1.cpp(239): warning C4101: 'ps' : unreferenced local variable
     1>d:\programming\programming 3\lab1\lab1\lab1.cpp(238): warning C4101: 'wmId' : unreferenced local variable
     1>d:\programming\programming 3\lab1\lab1\lab1.cpp(238): warning C4101: 'wmEvent' : unreferenced local variable
     1>d:\programming\programming 3\lab1\lab1\lab1.cpp(240): warning C4101: 'hdc' : unreferenced local variable
     1>d:\programming\programming 3\lab1\lab1\lab1.cpp(268): warning C4101: 'ps' : unreferenced local variable
     1>d:\programming\programming 3\lab1\lab1\lab1.cpp(267): warning C4101: 'wmId' : unreferenced local variable
     1>d:\programming\programming 3\lab1\lab1\lab1.cpp(267): warning C4101: 'wmEvent' : unreferenced local variable
     1>d:\programming\programming 3\lab1\lab1\lab1.cpp(269): warning C4101: 'hdc' : unreferenced local variable
     1>d:\programming\programming 3\lab1\lab1\lab1.cpp(363): warning C4101: 'ps' : unreferenced local variable
     1>d:\programming\programming 3\lab1\lab1\lab1.cpp(362): warning C4101: 'wmId' : unreferenced local variable
     1>d:\programming\programming 3\lab1\lab1\lab1.cpp(362): warning C4101: 'wmEvent' : unreferenced local variable
     1>d:\programming\programming 3\lab1\lab1\lab1.cpp(364): warning C4101: 'hdc' : unreferenced local variable
     1>d:\programming\programming 3\lab1\lab1\lab1.cpp(395): warning C4101: 'ps' : unreferenced local variable
     1>d:\programming\programming 3\lab1\lab1\lab1.cpp(394): warning C4101: 'wmId' : unreferenced local variable
     1>d:\programming\programming 3\lab1\lab1\lab1.cpp(394): warning C4101: 'wmEvent' : unreferenced local variable
     1>d:\programming\programming 3\lab1\lab1\lab1.cpp(396): warning C4101: 'hdc' : unreferenced local variable
       Link:
         C:\Program Files (x86)\Microsoft Visual Studio 12.0\VC\bin\link.exe /ERRORREPORT:PROMPT /OUT:"D:\Programming\Programming 3\lab1\Debug\lab1.exe" /INCREMENTAL /NOLOGO kernel32.lib user32.lib gdi32.lib winspool.lib comdlg32.lib advapi32.lib shell32.lib ole32.lib oleaut32.lib uuid.lib odbc32.lib odbccp32.lib /MANIFEST /MANIFESTUAC:"level='asInvoker' uiAccess='false'" /manifest:embed /DEBUG /PDB:"D:\Programming\Programming 3\lab1\Debug\lab1.pdb" /SUBSYSTEM:WINDOWS /TLBID:1 /DYNAMICBASE /NXCOMPAT /IMPLIB:"D:\Programming\Programming 3\lab1\Debug\lab1.lib" /MACHINE:X86 Debug\lab1.res
         Debug\lab1.obj
         Debug\stdafx.obj
         lab1.vcxproj -> D:\Programming\Programming 3\lab1\Debug\lab1.exe
     1>Done Building Project "D:\Programming\Programming 3\lab1\lab1\lab1.vcxproj" (Build target(s)).

Build succeeded.

Time Elapsed 00:00:01.46
